2024-04-21 11:14:00 [백엔드 맛보기] info : 3000에서 포트가 가동되었습니다.
2024-04-21 16:44:00 [백엔드 맛보기] info : 3000에서 포트가 가동되었습니다.
2024-04-22 17:36:01 [백엔드 맛보기] info : 3000에서 포트가 가동되었습니다.
2024-04-22 17:36:01 [백엔드 맛보기] info : GET /login 200 '로그인 화면으로 이동'
2024-04-22 17:36:01 [백엔드 맛보기] info : GET /register 200 '회원가입 화면으로 이동'
2024-04-22 17:39:01 [백엔드 맛보기] info : 3000에서 포트가 가동되었습니다.
2024-04-22 17:39:01 [백엔드 맛보기] info : GET /login 200 '로그인 화면으로 이동'
2024-04-22 17:39:01 [백엔드 맛보기] info : GET /login 200 '로그인 화면으로 이동'
2024-04-22 17:39:01 [백엔드 맛보기] info : POST /login 200 Response: 'success:true, msg:undefined'
2024-04-22 17:39:01 [백엔드 맛보기] info : GET /login 200 '로그인 화면으로 이동'
2024-04-22 17:39:01 [백엔드 맛보기] info : POST /login 200 Response: 'success:false, msg:비밀번호가 일치하지 않습니다.'
2024-04-22 17:39:01 [백엔드 맛보기] info : GET /login 200 '로그인 화면으로 이동'
2024-04-22 17:40:01 [백엔드 맛보기] info : POST /login 200 Response: 'success:true, msg:undefined'
2024-04-22 17:40:01 [백엔드 맛보기] info : GET /login 200 '로그인 화면으로 이동'
2024-04-22 17:40:01 [백엔드 맛보기] info : GET / 200 '홈 화면으로 이동'
2024-04-22 17:43:01 [백엔드 맛보기] info : 3000에서 포트가 가동되었습니다.
2024-04-22 17:43:01 [백엔드 맛보기] info : GET /login 200 '로그인 화면으로 이동'
2024-04-22 17:43:01 [백엔드 맛보기] info : POST /login 200 Response: 'success:false, msg:TypeError: Cannot destructure property 'id' of '(intermediate value)' as it is undefined.'
2024-04-22 17:43:01 [백엔드 맛보기] info : GET /login 200 '로그인 화면으로 이동'
2024-04-22 17:43:01 [백엔드 맛보기] info : GET /login 200 '로그인 화면으로 이동'
2024-04-22 17:43:01 [백엔드 맛보기] info : GET /login 200 '로그인 화면으로 이동'
2024-04-22 17:45:01 [백엔드 맛보기] info : 3000에서 포트가 가동되었습니다.
2024-04-22 17:45:01 [백엔드 맛보기] info : GET /login 200 '로그인 화면으로 이동'
2024-04-22 17:45:01 [백엔드 맛보기] info : POST /login 200 Response: 'success:false, msg:Error: ER_NO_SUCH_TABLE: Table 'login_lecture.a' doesn't exist'
2024-04-22 17:45:01 [백엔드 맛보기] info : POST /login 200 Response: 'success:false, msg:Error: ER_NO_SUCH_TABLE: Table 'login_lecture.a' doesn't exist'
2024-04-22 17:45:01 [백엔드 맛보기] info : GET /login 200 '로그인 화면으로 이동'
2024-04-22 17:46:01 [백엔드 맛보기] info : 3000에서 포트가 가동되었습니다.
2024-04-22 17:48:01 [백엔드 맛보기] info : 3000에서 포트가 가동되었습니다.
2024-04-22 17:48:01 [백엔드 맛보기] info : GET /login 200 '로그인 화면으로 이동'
2024-04-22 17:48:01 [백엔드 맛보기] info : POST /login 200 Response: 'success:false, undefined'
2024-04-22 17:48:01 [백엔드 맛보기] info : POST /login 200 Response: 'success:false, undefined'
2024-04-22 17:48:01 [백엔드 맛보기] info : GET /login 200 '로그인 화면으로 이동'
2024-04-22 17:50:01 [백엔드 맛보기] info : 3000에서 포트가 가동되었습니다.
2024-04-22 17:50:01 [백엔드 맛보기] info : GET /login 200 '로그인 화면으로 이동'
2024-04-22 17:50:01 [백엔드 맛보기] error : POST /login 200 Response: 'success:false, undefined'
2024-04-22 17:50:01 [백엔드 맛보기] error : POST /login 200 Response: 'success:false, undefined'
2024-04-22 17:50:01 [백엔드 맛보기] info : GET /login 200 '로그인 화면으로 이동'
2024-04-22 17:50:01 [백엔드 맛보기] info : 3000에서 포트가 가동되었습니다.
2024-04-22 17:52:01 [백엔드 맛보기] info : 3000에서 포트가 가동되었습니다.
2024-04-22 17:52:01 [백엔드 맛보기] info : GET /login 200 '로그인 화면으로 이동'
2024-04-22 17:52:01 [백엔드 맛보기] info : GET /login 200 '로그인 화면으로 이동'
2024-04-22 17:52:01 [백엔드 맛보기] error : POST /login 200 Response: 'success:false, Error: ER_NO_SUCH_TABLE: Table 'login_lecture.a' doesn't exist'
2024-04-22 17:52:01 [백엔드 맛보기] error : POST /login 200 Response: 'success:false, Error: ER_NO_SUCH_TABLE: Table 'login_lecture.a' doesn't exist'
2024-04-22 17:52:01 [백엔드 맛보기] info : GET /login 200 '로그인 화면으로 이동'
2024-04-22 17:53:01 [백엔드 맛보기] info : 3000에서 포트가 가동되었습니다.
2024-04-22 17:53:01 [백엔드 맛보기] info : 3000에서 포트가 가동되었습니다.
2024-04-22 17:54:01 [백엔드 맛보기] info : 3000에서 포트가 가동되었습니다.
